#-----------------------------------------------------------
# Vivado v2020.1.1 (64-bit)
# SW Build 2960000 on Wed Aug  5 22:57:20 MDT 2020
# IP Build 2956692 on Thu Aug  6 01:41:30 MDT 2020
# Start of session at: Mon Oct  5 12:15:18 2020
# Process ID: 11804
# Current directory: C:/Users/aajos/Documents/GitHub/Lab06/Lab06
# Command line: vivado.exe -gui_launcher_event rodinguilauncherevent17552 C:\Users\aajos\Documents\GitHub\Lab06\Lab06\Lab06.xpr
# Log file: C:/Users/aajos/Documents/GitHub/Lab06/Lab06/vivado.log
# Journal file: C:/Users/aajos/Documents/GitHub/Lab06/Lab06\vivado.jou
#-----------------------------------------------------------
start_gui
open_project C:/Users/aajos/Documents/GitHub/Lab06/Lab06/Lab06.xpr
INFO: [Project 1-313] Project file moved from 'H:/Lab06/Lab06' since last save.
Scanning sources...
Finished scanning sources
WARNING: [filemgmt 56-2] Default IP Output Path : Could not find the directory 'C:/Users/aajos/Documents/GitHub/Lab06/Lab06/Lab06.srcs/sources_1', nor could it be found using path 'H:/Lab06/Lab06/Lab06.srcs/sources_1'.
INFO: [IP_Flow 19-234] Refreshing IP repositories
INFO: [IP_Flow 19-1704] No user IP repositories specified
INFO: [IP_Flow 19-2313] Loaded Vivado IP repository 'C:/Xilinx/Vivado/2020.1/data/ip'.
open_project: Time (s): cpu = 00:00:22 ; elapsed = 00:00:13 . Memory (MB): peak = 1016.504 ; gain = 0.000
update_compile_order -fileset sources_1
launch_simulation -simset [get_filesets sim_2 ]
Command: launch_simulation -simset sim_2
INFO: [Vivado 12-5682] Launching behavioral simulation in 'C:/Users/aajos/Documents/GitHub/Lab06/Lab06/Lab06.sim/sim_2/behav/xsim'
INFO: [SIM-utils-51] Simulation object is 'sim_2'
INFO: [SIM-utils-54] Inspecting design source files for 'sseg_decoder_test' in fileset 'sim_2'...
INFO: [USF-XSim-97] Finding global include files...
INFO: [USF-XSim-98] Fetching design files from 'sim_2'...
INFO: [USF-XSim-2] XSim::Compile design
INFO: [USF-XSim-61] Executing 'COMPILE and ANALYZE' step in 'C:/Users/aajos/Documents/GitHub/Lab06/Lab06/Lab06.sim/sim_2/behav/xsim'
"xvlog --incr --relax -prj sseg_decoder_test_vlog.prj"
INFO: [VRFC 10-2263] Analyzing SystemVerilog file "C:/Users/aajos/Documents/GitHub/Lab06/system_verilog_code/sseg_decoder.sv" into library xil_defaultlib
INFO: [VRFC 10-311] analyzing module sseg_decoder
INFO: [VRFC 10-2263] Analyzing SystemVerilog file "C:/Users/aajos/Documents/GitHub/Lab06/system_verilog_code/sseg_decoder_test.sv" into library xil_defaultlib
INFO: [VRFC 10-311] analyzing module sseg_decoder_test
INFO: [VRFC 10-2263] Analyzing Verilog file "C:/Users/aajos/Documents/GitHub/Lab06/Lab06/Lab06.sim/sim_2/behav/xsim/glbl.v" into library xil_defaultlib
INFO: [VRFC 10-311] analyzing module glbl
INFO: [USF-XSim-69] 'compile' step finished in '3' seconds
INFO: [USF-XSim-3] XSim::Elaborate design
INFO: [USF-XSim-61] Executing 'ELABORATE' step in 'C:/Users/aajos/Documents/GitHub/Lab06/Lab06/Lab06.sim/sim_2/behav/xsim'
"xelab -wto 8befffec200d49d6bdbccd63997fb5ef --incr --debug typical --relax --mt 2 -L xil_defaultlib -L unisims_ver -L unimacro_ver -L secureip --snapshot sseg_decoder_test_behav xil_defaultlib.sseg_decoder_test xil_defaultlib.glbl -log elaborate.log"
Vivado Simulator 2020.1.1
Copyright 1986-1999, 2001-2020 Xilinx, Inc. All Rights Reserved.
Running: C:/Xilinx/Vivado/2020.1/bin/unwrapped/win64.o/xelab.exe -wto 8befffec200d49d6bdbccd63997fb5ef --incr --debug typical --relax --mt 2 -L xil_defaultlib -L unisims_ver -L unimacro_ver -L secureip --snapshot sseg_decoder_test_behav xil_defaultlib.sseg_decoder_test xil_defaultlib.glbl -log elaborate.log 
Using 2 slave threads.
Starting static elaboration
Pass Through NonSizing Optimizer
Completed static elaboration
Starting simulation data flow analysis
Completed simulation data flow analysis
Time Resolution for simulation is 1ps
Compiling module xil_defaultlib.sseg_decoder
Compiling module xil_defaultlib.sseg_decoder_test
Compiling module xil_defaultlib.glbl
Built simulation snapshot sseg_decoder_test_behav

****** Webtalk v2020.1.1 (64-bit)
  **** SW Build 2960000 on Wed Aug  5 22:57:20 MDT 2020
  **** IP Build 2956692 on Thu Aug  6 01:41:30 MDT 2020
    ** Copyright 1986-2020 Xilinx, Inc. All Rights Reserved.

source C:/Users/aajos/Documents/GitHub/Lab06/Lab06/Lab06.sim/sim_2/behav/xsim/xsim.dir/sseg_decoder_test_behav/webtalk/xsim_webtalk.tcl -notrace
INFO: [Common 17-186] 'C:/Users/aajos/Documents/GitHub/Lab06/Lab06/Lab06.sim/sim_2/behav/xsim/xsim.dir/sseg_decoder_test_behav/webtalk/usage_statistics_ext_xsim.xml' has been successfully sent to Xilinx on Mon Oct  5 12:17:55 2020. For additional details about this file, please refer to the WebTalk help file at C:/Xilinx/Vivado/2020.1/doc/webtalk_introduction.html.
INFO: [Common 17-206] Exiting Webtalk at Mon Oct  5 12:17:55 2020...
run_program: Time (s): cpu = 00:00:03 ; elapsed = 00:00:13 . Memory (MB): peak = 1016.504 ; gain = 0.000
INFO: [USF-XSim-69] 'elaborate' step finished in '14' seconds
INFO: [USF-XSim-4] XSim::Simulate design
INFO: [USF-XSim-61] Executing 'SIMULATE' step in 'C:/Users/aajos/Documents/GitHub/Lab06/Lab06/Lab06.sim/sim_2/behav/xsim'
INFO: [USF-XSim-98] *** Running xsim
   with args "sseg_decoder_test_behav -key {Behavioral:sim_2:Functional:sseg_decoder_test} -tclbatch {sseg_decoder_test.tcl} -log {simulate.log}"
INFO: [USF-XSim-8] Loading simulator feature
Vivado Simulator 2020.1.1
Time resolution is 1 ps
source sseg_decoder_test.tcl
# set curr_wave [current_wave_config]
# if { [string length $curr_wave] == 0 } {
#   if { [llength [get_objects]] > 0} {
#     add_wave /
#     set_property needs_save false [current_wave_config]
#   } else {
#      send_msg_id Add_Wave-1 WARNING "No top level signals found. Simulator will start without a wave window. If you want to open a wave window go to 'File->New Waveform Configuration' or type 'create_wave_config' in the TCL console."
#   }
# }
# run 1000ns
$finish called at time : 160 ns : File "C:/Users/aajos/Documents/GitHub/Lab06/system_verilog_code/sseg_decoder_test.sv" Line 40
xsim: Time (s): cpu = 00:00:15 ; elapsed = 00:00:06 . Memory (MB): peak = 1016.504 ; gain = 0.000
INFO: [USF-XSim-96] XSim completed. Design snapshot 'sseg_decoder_test_behav' loaded.
INFO: [USF-XSim-97] XSim simulation ran for 1000ns
launch_simulation: Time (s): cpu = 00:00:21 ; elapsed = 00:00:25 . Memory (MB): peak = 1016.504 ; gain = 0.000
close_sim
INFO: [Simtcl 6-16] Simulation closed
close_sim: Time (s): cpu = 00:00:05 ; elapsed = 00:00:10 . Memory (MB): peak = 1016.504 ; gain = 0.000
exit
INFO: [Common 17-206] Exiting Vivado at Wed Oct  7 13:20:18 2020...
